<?xml version="1.0" encoding="UTF-8"?>
<!-- Generated by org.testng.reporters.JUnitReportReporter -->
<testsuite skipped="1" hostname="LAPTOP-LNQO8009" name="scenarios.webMobileTests" tests="1" failures="0" timestamp="2021-10-05T21:24:38 MSK" time="0.000" errors="0">
  <testcase name="webSearchTest" time="0.000" classname="scenarios.webMobileTests">
    <skipped/>
  </testcase> <!-- webSearchTest -->
  <system-out/>
</testsuite> <!-- scenarios.webMobileTests -->
