<?xml version="1.0" encoding="UTF-8"?>
<!-- Generated by org.testng.reporters.JUnitReportReporter -->
<testsuite skipped="0" hostname="LAPTOP-LNQO8009" name="scenarios.webMobileTests" tests="1" failures="0" timestamp="2021-10-05T20:40:06 MSK" time="7.990" errors="0">
  <testcase name="webSearchTest" time="7.990" classname="scenarios.webMobileTests"/>
  <system-out/>
</testsuite> <!-- scenarios.webMobileTests -->
