<?xml version="1.0" encoding="UTF-8"?>
<!-- Generated by org.testng.reporters.JUnitReportReporter -->
<testsuite skipped="0" hostname="LAPTOP-LNQO8009" name="scenarios.nativeMobileTests" tests="1" failures="0" timestamp="2021-09-30T17:19:55 MSK" time="0.574" errors="0">
  <testcase name="simpleNativeTest" time="0.574" classname="scenarios.nativeMobileTests"/>
  <system-out/>
</testsuite> <!-- scenarios.nativeMobileTests -->
