<?xml version="1.0" encoding="UTF-8"?>
<!-- Generated by org.testng.reporters.JUnitReportReporter -->
<testsuite skipped="0" hostname="LAPTOP-LNQO8009" name="scenarios.webMobileTests" tests="1" failures="0" timestamp="2021-09-30T17:30:36 MSK" time="3.733" errors="0">
  <testcase name="simpleWebTest" time="3.733" classname="scenarios.webMobileTests"/>
  <system-out/>
</testsuite> <!-- scenarios.webMobileTests -->
